{"/home/flo/Documents/event-scheduler-jest/src/controller.js": {"path":"/home/flo/Documents/event-scheduler-jest/src/controller.js","statementMap":{"0":{"start":{"line":16,"column":8},"end":{"line":16,"column":41}},"1":{"start":{"line":17,"column":8},"end":{"line":17,"column":46}},"2":{"start":{"line":26,"column":21},"end":{"line":26,"column":50}},"3":{"start":{"line":27,"column":8},"end":{"line":27,"column":56}},"4":{"start":{"line":36,"column":20},"end":{"line":36,"column":53}},"5":{"start":{"line":37,"column":8},"end":{"line":37,"column":55}},"6":{"start":{"line":46,"column":20},"end":{"line":46,"column":52}},"7":{"start":{"line":47,"column":8},"end":{"line":47,"column":55}},"8":{"start":{"line":56,"column":20},"end":{"line":56,"column":55}},"9":{"start":{"line":57,"column":8},"end":{"line":57,"column":55}},"10":{"start":{"line":66,"column":20},"end":{"line":66,"column":56}},"11":{"start":{"line":67,"column":8},"end":{"line":67,"column":55}}},"fnMap":{"0":{"name":"(anonymous_0)","decl":{"start":{"line":15,"column":4},"end":{"line":15,"column":5}},"loc":{"start":{"line":15,"column":46},"end":{"line":18,"column":5}},"line":15},"1":{"name":"(anonymous_1)","decl":{"start":{"line":25,"column":4},"end":{"line":25,"column":5}},"loc":{"start":{"line":25,"column":20},"end":{"line":28,"column":5}},"line":25},"2":{"name":"(anonymous_2)","decl":{"start":{"line":35,"column":4},"end":{"line":35,"column":5}},"loc":{"start":{"line":35,"column":22},"end":{"line":38,"column":5}},"line":35},"3":{"name":"(anonymous_3)","decl":{"start":{"line":45,"column":4},"end":{"line":45,"column":5}},"loc":{"start":{"line":45,"column":21},"end":{"line":48,"column":5}},"line":45},"4":{"name":"(anonymous_4)","decl":{"start":{"line":55,"column":4},"end":{"line":55,"column":5}},"loc":{"start":{"line":55,"column":24},"end":{"line":58,"column":5}},"line":55},"5":{"name":"(anonymous_5)","decl":{"start":{"line":65,"column":4},"end":{"line":65,"column":5}},"loc":{"start":{"line":65,"column":25},"end":{"line":68,"column":5}},"line":65}},"branchMap":{},"s":{"0":5,"1":5,"2":1,"3":1,"4":1,"5":1,"6":1,"7":1,"8":1,"9":1,"10":1,"11":1},"f":{"0":5,"1":1,"2":1,"3":1,"4":1,"5":1},"b":{},"_coverageSchema":"1a1c01bbd47fc00a2c39e90264f33305004495a9","hash":"7b0d3a973f5b2c33654f8fcff45b5325f9c2df50"}
,"/home/flo/Documents/event-scheduler-jest/src/models.js": {"path":"/home/flo/Documents/event-scheduler-jest/src/models.js","statementMap":{"0":{"start":{"line":41,"column":8},"end":{"line":41,"column":35}},"1":{"start":{"line":42,"column":8},"end":{"line":42,"column":31}},"2":{"start":{"line":43,"column":8},"end":{"line":43,"column":27}},"3":{"start":{"line":44,"column":8},"end":{"line":44,"column":33}},"4":{"start":{"line":45,"column":8},"end":{"line":45,"column":39}},"5":{"start":{"line":53,"column":8},"end":{"line":53,"column":30}},"6":{"start":{"line":61,"column":8},"end":{"line":61,"column":35}},"7":{"start":{"line":69,"column":8},"end":{"line":69,"column":28}},"8":{"start":{"line":77,"column":8},"end":{"line":77,"column":31}},"9":{"start":{"line":85,"column":8},"end":{"line":85,"column":26}},"10":{"start":{"line":93,"column":8},"end":{"line":93,"column":27}},"11":{"start":{"line":101,"column":8},"end":{"line":101,"column":29}},"12":{"start":{"line":109,"column":8},"end":{"line":109,"column":33}},"13":{"start":{"line":117,"column":8},"end":{"line":117,"column":32}},"14":{"start":{"line":125,"column":8},"end":{"line":125,"column":39}}},"fnMap":{"0":{"name":"(anonymous_0)","decl":{"start":{"line":40,"column":4},"end":{"line":40,"column":5}},"loc":{"start":{"line":40,"column":66},"end":{"line":46,"column":5}},"line":40},"1":{"name":"(anonymous_1)","decl":{"start":{"line":52,"column":4},"end":{"line":52,"column":5}},"loc":{"start":{"line":52,"column":19},"end":{"line":54,"column":5}},"line":52},"2":{"name":"(anonymous_2)","decl":{"start":{"line":60,"column":4},"end":{"line":60,"column":5}},"loc":{"start":{"line":60,"column":28},"end":{"line":62,"column":5}},"line":60},"3":{"name":"(anonymous_3)","decl":{"start":{"line":68,"column":4},"end":{"line":68,"column":5}},"loc":{"start":{"line":68,"column":17},"end":{"line":70,"column":5}},"line":68},"4":{"name":"(anonymous_4)","decl":{"start":{"line":76,"column":4},"end":{"line":76,"column":5}},"loc":{"start":{"line":76,"column":24},"end":{"line":78,"column":5}},"line":76},"5":{"name":"(anonymous_5)","decl":{"start":{"line":84,"column":4},"end":{"line":84,"column":5}},"loc":{"start":{"line":84,"column":15},"end":{"line":86,"column":5}},"line":84},"6":{"name":"(anonymous_6)","decl":{"start":{"line":92,"column":4},"end":{"line":92,"column":5}},"loc":{"start":{"line":92,"column":20},"end":{"line":94,"column":5}},"line":92},"7":{"name":"(anonymous_7)","decl":{"start":{"line":100,"column":4},"end":{"line":100,"column":5}},"loc":{"start":{"line":100,"column":18},"end":{"line":102,"column":5}},"line":100},"8":{"name":"(anonymous_8)","decl":{"start":{"line":108,"column":4},"end":{"line":108,"column":5}},"loc":{"start":{"line":108,"column":26},"end":{"line":110,"column":5}},"line":108},"9":{"name":"(anonymous_9)","decl":{"start":{"line":116,"column":4},"end":{"line":116,"column":5}},"loc":{"start":{"line":116,"column":21},"end":{"line":118,"column":5}},"line":116},"10":{"name":"(anonymous_10)","decl":{"start":{"line":124,"column":4},"end":{"line":124,"column":5}},"loc":{"start":{"line":124,"column":32},"end":{"line":126,"column":5}},"line":124}},"branchMap":{},"s":{"0":9,"1":9,"2":9,"3":9,"4":9,"5":0,"6":0,"7":0,"8":0,"9":1,"10":0,"11":1,"12":0,"13":1,"14":0},"f":{"0":9,"1":0,"2":0,"3":0,"4":0,"5":1,"6":0,"7":1,"8":0,"9":1,"10":0},"b":{},"_coverageSchema":"1a1c01bbd47fc00a2c39e90264f33305004495a9","hash":"42a6da36ba38d5d2d2dc837c3eb54eff3d490299"}
,"/home/flo/Documents/event-scheduler-jest/src/repository.js": {"path":"/home/flo/Documents/event-scheduler-jest/src/repository.js","statementMap":{"0":{"start":{"line":11,"column":8},"end":{"line":11,"column":33}},"1":{"start":{"line":19,"column":8},"end":{"line":19,"column":18}},"2":{"start":{"line":28,"column":8},"end":{"line":28,"column":21}},"3":{"start":{"line":36,"column":8},"end":{"line":36,"column":20}},"4":{"start":{"line":37,"column":8},"end":{"line":37,"column":30}},"5":{"start":{"line":42,"column":8},"end":{"line":42,"column":36}},"6":{"start":{"line":46,"column":8},"end":{"line":46,"column":33}}},"fnMap":{"0":{"name":"(anonymous_0)","decl":{"start":{"line":10,"column":4},"end":{"line":10,"column":5}},"loc":{"start":{"line":10,"column":26},"end":{"line":12,"column":5}},"line":10},"1":{"name":"(anonymous_1)","decl":{"start":{"line":18,"column":4},"end":{"line":18,"column":5}},"loc":{"start":{"line":18,"column":12},"end":{"line":20,"column":5}},"line":18},"2":{"name":"(anonymous_2)","decl":{"start":{"line":27,"column":4},"end":{"line":27,"column":5}},"loc":{"start":{"line":27,"column":14},"end":{"line":29,"column":5}},"line":27},"3":{"name":"(anonymous_3)","decl":{"start":{"line":35,"column":4},"end":{"line":35,"column":5}},"loc":{"start":{"line":35,"column":24},"end":{"line":38,"column":5}},"line":35},"4":{"name":"(anonymous_4)","decl":{"start":{"line":41,"column":4},"end":{"line":41,"column":5}},"loc":{"start":{"line":41,"column":13},"end":{"line":43,"column":5}},"line":41},"5":{"name":"(anonymous_5)","decl":{"start":{"line":45,"column":4},"end":{"line":45,"column":5}},"loc":{"start":{"line":45,"column":15},"end":{"line":47,"column":5}},"line":45}},"branchMap":{},"s":{"0":0,"1":0,"2":0,"3":0,"4":0,"5":0,"6":0},"f":{"0":0,"1":0,"2":0,"3":0,"4":0,"5":0},"b":{},"_coverageSchema":"1a1c01bbd47fc00a2c39e90264f33305004495a9","hash":"b9c8ae7ec7dfb1163bb881900c1798cfe1fabaaf"}
,"/home/flo/Documents/event-scheduler-jest/src/serializer.js": {"path":"/home/flo/Documents/event-scheduler-jest/src/serializer.js","statementMap":{"0":{"start":{"line":10,"column":8},"end":{"line":10,"column":37}},"1":{"start":{"line":19,"column":8},"end":{"line":19,"column":18}}},"fnMap":{"0":{"name":"(anonymous_0)","decl":{"start":{"line":9,"column":4},"end":{"line":9,"column":5}},"loc":{"start":{"line":9,"column":20},"end":{"line":11,"column":5}},"line":9},"1":{"name":"(anonymous_1)","decl":{"start":{"line":18,"column":4},"end":{"line":18,"column":5}},"loc":{"start":{"line":18,"column":22},"end":{"line":20,"column":5}},"line":18}},"branchMap":{},"s":{"0":0,"1":0},"f":{"0":0,"1":0},"b":{},"_coverageSchema":"1a1c01bbd47fc00a2c39e90264f33305004495a9","hash":"573352de03d90e1ded8aeda477fc4f85a421ab03"}
,"/home/flo/Documents/event-scheduler-jest/src/services.js": {"path":"/home/flo/Documents/event-scheduler-jest/src/services.js","statementMap":{"0":{"start":{"line":17,"column":8},"end":{"line":17,"column":48}},"1":{"start":{"line":25,"column":8},"end":{"line":25,"column":46}},"2":{"start":{"line":29,"column":19},"end":{"line":29,"column":35}},"3":{"start":{"line":30,"column":20},"end":{"line":30,"column":22}},"4":{"start":{"line":31,"column":8},"end":{"line":34,"column":10}},"5":{"start":{"line":32,"column":12},"end":{"line":32,"column":39}},"6":{"start":{"line":33,"column":12},"end":{"line":33,"column":25}},"7":{"start":{"line":35,"column":26},"end":{"line":35,"column":38}},"8":{"start":{"line":36,"column":8},"end":{"line":36,"column":30}},"9":{"start":{"line":40,"column":19},"end":{"line":40,"column":35}},"10":{"start":{"line":41,"column":20},"end":{"line":41,"column":22}},"11":{"start":{"line":42,"column":8},"end":{"line":45,"column":10}},"12":{"start":{"line":43,"column":12},"end":{"line":43,"column":39}},"13":{"start":{"line":44,"column":12},"end":{"line":44,"column":25}},"14":{"start":{"line":46,"column":26},"end":{"line":46,"column":38}},"15":{"start":{"line":47,"column":8},"end":{"line":47,"column":30}},"16":{"start":{"line":52,"column":8},"end":{"line":52,"column":20}},"17":{"start":{"line":56,"column":8},"end":{"line":56,"column":20}},"18":{"start":{"line":66,"column":19},"end":{"line":66,"column":49}},"19":{"start":{"line":67,"column":8},"end":{"line":69,"column":11}},"20":{"start":{"line":68,"column":12},"end":{"line":68,"column":70}},"21":{"start":{"line":75,"column":8},"end":{"line":75,"column":19}},"22":{"start":{"line":84,"column":18},"end":{"line":84,"column":28}},"23":{"start":{"line":85,"column":8},"end":{"line":85,"column":46}}},"fnMap":{"0":{"name":"(anonymous_0)","decl":{"start":{"line":16,"column":4},"end":{"line":16,"column":5}},"loc":{"start":{"line":16,"column":33},"end":{"line":18,"column":5}},"line":16},"1":{"name":"(anonymous_1)","decl":{"start":{"line":24,"column":4},"end":{"line":24,"column":5}},"loc":{"start":{"line":24,"column":16},"end":{"line":26,"column":5}},"line":24},"2":{"name":"(anonymous_2)","decl":{"start":{"line":28,"column":4},"end":{"line":28,"column":5}},"loc":{"start":{"line":28,"column":20},"end":{"line":37,"column":5}},"line":28},"3":{"name":"(anonymous_3)","decl":{"start":{"line":31,"column":21},"end":{"line":31,"column":22}},"loc":{"start":{"line":31,"column":38},"end":{"line":34,"column":9}},"line":31},"4":{"name":"(anonymous_4)","decl":{"start":{"line":39,"column":4},"end":{"line":39,"column":5}},"loc":{"start":{"line":39,"column":19},"end":{"line":48,"column":5}},"line":39},"5":{"name":"(anonymous_5)","decl":{"start":{"line":42,"column":21},"end":{"line":42,"column":22}},"loc":{"start":{"line":42,"column":38},"end":{"line":45,"column":9}},"line":42},"6":{"name":"(anonymous_6)","decl":{"start":{"line":51,"column":4},"end":{"line":51,"column":5}},"loc":{"start":{"line":51,"column":22},"end":{"line":53,"column":5}},"line":51},"7":{"name":"(anonymous_7)","decl":{"start":{"line":55,"column":4},"end":{"line":55,"column":5}},"loc":{"start":{"line":55,"column":23},"end":{"line":57,"column":5}},"line":55},"8":{"name":"(anonymous_8)","decl":{"start":{"line":65,"column":4},"end":{"line":65,"column":5}},"loc":{"start":{"line":65,"column":21},"end":{"line":70,"column":5}},"line":65},"9":{"name":"(anonymous_9)","decl":{"start":{"line":67,"column":27},"end":{"line":67,"column":28}},"loc":{"start":{"line":67,"column":40},"end":{"line":69,"column":9}},"line":67},"10":{"name":"(anonymous_10)","decl":{"start":{"line":74,"column":4},"end":{"line":74,"column":5}},"loc":{"start":{"line":74,"column":27},"end":{"line":76,"column":5}},"line":74},"11":{"name":"(anonymous_11)","decl":{"start":{"line":80,"column":4},"end":{"line":80,"column":5}},"loc":{"start":{"line":80,"column":30},"end":{"line":81,"column":5}},"line":80},"12":{"name":"(anonymous_12)","decl":{"start":{"line":83,"column":4},"end":{"line":83,"column":5}},"loc":{"start":{"line":83,"column":23},"end":{"line":86,"column":5}},"line":83}},"branchMap":{"0":{"loc":{"start":{"line":68,"column":19},"end":{"line":68,"column":69}},"type":"binary-expr","locations":[{"start":{"line":68,"column":19},"end":{"line":68,"column":43}},{"start":{"line":68,"column":47},"end":{"line":68,"column":69}}],"line":68}},"s":{"0":4,"1":4,"2":1,"3":1,"4":1,"5":3,"6":3,"7":1,"8":1,"9":1,"10":1,"11":1,"12":3,"13":3,"14":1,"15":1,"16":0,"17":0,"18":0,"19":0,"20":0,"21":0,"22":0,"23":0},"f":{"0":4,"1":4,"2":1,"3":3,"4":1,"5":3,"6":0,"7":0,"8":0,"9":0,"10":0,"11":0,"12":0},"b":{"0":[0,0]},"_coverageSchema":"1a1c01bbd47fc00a2c39e90264f33305004495a9","hash":"e569625e7f5a0c1d25dd2b2f7b5e07ffc6a1235a"}
}
